<?xml version="1.0" encoding="UTF-8"?>
<!-- Generated by org.testng.reporters.JUnitXMLReporter -->
<testsuite ignored="0" hostname="fedora" failures="0" tests="4" name="Default test" time="57.379" errors="0" timestamp="2025-07-10T13:01:21 IST">
  <testcase classname="com.learn.testcases.LoginTest" name="verifyLogin" time="6.986"/>
  <testcase classname="com.learn.testcases.LoginTestDriverData" name="verifyLogin" time="9.651"/>
  <testcase classname="com.learn.testcases.LoginTestDriverData" name="verifyLogin" time="9.462"/>
  <testcase classname="com.learn.testcases.TestCasedemo" name="testcheck" time="0.001"/>
</testsuite> <!-- Default test -->
