<?xml version="1.0" encoding="UTF-8"?>
<testng-results ignored="0" total="2" passed="2" failed="0" skipped="0">
  <reporter-output>
  </reporter-output>
  <suite started-at="2025-07-10T13:15:02 IST" name="TestSuite" finished-at="2025-07-10T13:15:37 IST" duration-ms="34142">
    <groups>
    </groups>
    <test started-at="2025-07-10T13:15:02 IST" name="Login Test" finished-at="2025-07-10T13:15:37 IST" duration-ms="34142">
      <class name="com.learn.testcases.LoginTestDriverData">
        <test-method is-config="true" signature="setUp()[pri:0, instance:com.learn.testcases.LoginTestDriverData@776aec5c]" started-at="2025-07-10T13:15:03 IST" name="setUp" finished-at="2025-07-10T13:15:15 IST" duration-ms="12309" status="PASS">
          <reporter-output>
          </reporter-output>
        </test-method> <!-- setUp -->
        <test-method signature="verifyLogin(java.lang.String,java.lang.String)[pri:1, instance:com.learn.testcases.LoginTestDriverData@776aec5c]" started-at="2025-07-10T13:15:16 IST" name="verifyLogin" data-provider="LoginDataProvider" finished-at="2025-07-10T13:15:26 IST" duration-ms="10525" status="PASS">
          <params>
            <param index="0">
              <value>
                <![CDATA[Demo12]]>
              </value>
            </param>
            <param index="1">
              <value>
                <![CDATA[Test123456$]]>
              </value>
            </param>
          </params>
          <reporter-output>
          </reporter-output>
        </test-method> <!-- verifyLogin -->
        <test-method signature="verifyLogin(java.lang.String,java.lang.String)[pri:1, instance:com.learn.testcases.LoginTestDriverData@776aec5c]" started-at="2025-07-10T13:15:26 IST" name="verifyLogin" data-provider="LoginDataProvider" finished-at="2025-07-10T13:15:35 IST" duration-ms="9150" status="PASS">
          <params>
            <param index="0">
              <value>
                <![CDATA[Demo12]]>
              </value>
            </param>
            <param index="1">
              <value>
                <![CDATA[Test123456$]]>
              </value>
            </param>
          </params>
          <reporter-output>
          </reporter-output>
        </test-method> <!-- verifyLogin -->
        <test-method is-config="true" signature="tearDown()[pri:0, instance:com.learn.testcases.LoginTestDriverData@776aec5c]" started-at="2025-07-10T13:15:35 IST" name="tearDown" finished-at="2025-07-10T13:15:37 IST" duration-ms="1143" status="PASS">
          <reporter-output>
          </reporter-output>
        </test-method> <!-- tearDown -->
      </class> <!-- com.learn.testcases.LoginTestDriverData -->
    </test> <!-- Login Test -->
  </suite> <!-- TestSuite -->
</testng-results>
